app/build/intermediates/manifest_merge_blame_file/debug/processDebugMainManifest/manifest-merger-blame-debug-report.txt
1<?xml version="1.0" encoding="utf-8"?>
2<!--
3    AndroidManifest.xml — Work Diary
4    ─────────────────────────────────────────────────────────────────────────────
5    Declares:
6      • Application class (WorkDiaryApp — @HiltAndroidApp)
7      • MainActivity — single-Activity Compose entry point
8      • Runtime permissions required by the app
9      • FileProvider for sharing generated PDFs (leave summaries / duty board exports)
10    ─────────────────────────────────────────────────────────────────────────────
11-->
12<manifest xmlns:android="http://schemas.android.com/apk/res/android"
13    package="com.workdiary.app.debug"
14    android:versionCode="1"
15    android:versionName="1.0.0-debug" >
16
17    <uses-sdk
18        android:minSdkVersion="26"
19        android:targetSdkVersion="35" />
20
21    <!--
22         ─────────────────────────────────────────────────────────────────────
23         Permissions
24         ─────────────────────────────────────────────────────────────────────
25    -->
26
27
28    <!-- Internet: required for future remote duty-board lookup / PayPal / Buy Me a Coffee links -->
29    <uses-permission android:name="android.permission.INTERNET" />
29-->src/main/AndroidManifest.xml:20:5-67
29-->src/main/AndroidManifest.xml:20:22-64
30
31    <!--
32         Camera: used for photographing the duty roster (maps to iOS UIImagePickerController
33         with .camera source in CalendarView.swift).
34    -->
35    <uses-permission android:name="android.permission.CAMERA" />
35-->src/main/AndroidManifest.xml:24:5-65
35-->src/main/AndroidManifest.xml:24:22-62
36
37    <!--
38         Media images: scoped-storage equivalent of Photos access.
39         READ_MEDIA_IMAGES targets API 33+; READ_EXTERNAL_STORAGE is the pre-33 fallback.
40    -->
41    <uses-permission
41-->src/main/AndroidManifest.xml:28:5-30:38
42        android:name="android.permission.READ_MEDIA_IMAGES"
42-->src/main/AndroidManifest.xml:29:9-60
43        android:minSdkVersion="33" />
43-->src/main/AndroidManifest.xml:30:9-35
44    <uses-permission
44-->src/main/AndroidManifest.xml:31:5-33:38
45        android:name="android.permission.READ_EXTERNAL_STORAGE"
45-->src/main/AndroidManifest.xml:32:9-64
46        android:maxSdkVersion="32" />
46-->src/main/AndroidManifest.xml:33:9-35
47
48    <!-- Notifications: used for the daily duty reminder (maps to iOS UNUserNotificationCenter). -->
49    <uses-permission android:name="android.permission.POST_NOTIFICATIONS" />
49-->src/main/AndroidManifest.xml:36:5-77
49-->src/main/AndroidManifest.xml:36:22-74
50
51    <!--
52         Calendar read/write: used by CalendarManager to create all-day leave events
53         (maps to iOS EventKit / EKEventStore).
54    -->
55    <uses-permission android:name="android.permission.READ_CALENDAR" />
55-->src/main/AndroidManifest.xml:40:5-72
55-->src/main/AndroidManifest.xml:40:22-69
56    <uses-permission android:name="android.permission.WRITE_CALENDAR" />
56-->src/main/AndroidManifest.xml:41:5-73
56-->src/main/AndroidManifest.xml:41:22-70
57
58    <!-- Exact alarms: required on API 31+ for the daily notification at a precise time. -->
59    <uses-permission
59-->src/main/AndroidManifest.xml:44:5-45:38
60        android:name="android.permission.SCHEDULE_EXACT_ALARM"
60-->src/main/AndroidManifest.xml:44:22-76
61        android:minSdkVersion="31" />
61-->src/main/AndroidManifest.xml:45:9-35
62
63    <!--
64         ─────────────────────────────────────────────────────────────────────
65         Hardware features (optional — app works without a camera)
66         ─────────────────────────────────────────────────────────────────────
67    -->
68    <uses-feature
68-->src/main/AndroidManifest.xml:50:5-52:36
69        android:name="android.hardware.camera"
69-->src/main/AndroidManifest.xml:51:9-47
70        android:required="false" />
70-->src/main/AndroidManifest.xml:52:9-33
71    <uses-feature
71-->src/main/AndroidManifest.xml:53:5-55:36
72        android:name="android.hardware.camera.autofocus"
72-->src/main/AndroidManifest.xml:54:9-57
73        android:required="false" />
73-->src/main/AndroidManifest.xml:55:9-33
74
75    <uses-permission android:name="android.permission.WAKE_LOCK" />
75-->[androidx.work:work-runtime:2.9.1] AndroidManifest.xml:23:5-68
75-->[androidx.work:work-runtime:2.9.1] AndroidManifest.xml:23:22-65
76    <uses-permission android:name="android.permission.ACCESS_NETWORK_STATE" />
76-->[androidx.work:work-runtime:2.9.1] AndroidManifest.xml:24:5-79
76-->[androidx.work:work-runtime:2.9.1] AndroidManifest.xml:24:22-76
77    <uses-permission android:name="android.permission.RECEIVE_BOOT_COMPLETED" />
77-->[androidx.work:work-runtime:2.9.1] AndroidManifest.xml:25:5-81
77-->[androidx.work:work-runtime:2.9.1] AndroidManifest.xml:25:22-78
78    <uses-permission android:name="android.permission.FOREGROUND_SERVICE" />
78-->[androidx.work:work-runtime:2.9.1] AndroidManifest.xml:26:5-77
78-->[androidx.work:work-runtime:2.9.1] AndroidManifest.xml:26:22-74
79
80    <permission
80-->[androidx.core:core:1.13.1] AndroidManifest.xml:22:5-24:47
81        android:name="com.workdiary.app.debug.DYNAMIC_RECEIVER_NOT_EXPORTED_PERMISSION"
81-->[androidx.core:core:1.13.1] AndroidManifest.xml:23:9-81
82        android:protectionLevel="signature" />
82-->[androidx.core:core:1.13.1] AndroidManifest.xml:24:9-44
83
84    <uses-permission android:name="com.workdiary.app.debug.DYNAMIC_RECEIVER_NOT_EXPORTED_PERMISSION" />
84-->[androidx.core:core:1.13.1] AndroidManifest.xml:26:5-97
84-->[androidx.core:core:1.13.1] AndroidManifest.xml:26:22-94
85    <!--
86 ─────────────────────────────────────────────────────────────────────
87         Application
88         ─────────────────────────────────────────────────────────────────────
89    -->
90    <application
90-->src/main/AndroidManifest.xml:60:5-125:19
91        android:name="com.workdiary.app.WorkDiaryApp"
91-->src/main/AndroidManifest.xml:61:9-37
92        android:allowBackup="true"
92-->src/main/AndroidManifest.xml:62:9-35
93        android:appComponentFactory="androidx.core.app.CoreComponentFactory"
93-->[androidx.core:core:1.13.1] AndroidManifest.xml:28:18-86
94        android:dataExtractionRules="@xml/data_extraction_rules"
94-->src/main/AndroidManifest.xml:63:9-65
95        android:debuggable="true"
96        android:extractNativeLibs="false"
97        android:fullBackupContent="@xml/backup_rules"
97-->src/main/AndroidManifest.xml:64:9-54
98        android:icon="@mipmap/ic_launcher"
98-->src/main/AndroidManifest.xml:65:9-43
99        android:label="@string/app_name"
99-->src/main/AndroidManifest.xml:66:9-41
100        android:roundIcon="@mipmap/ic_launcher_round"
100-->src/main/AndroidManifest.xml:67:9-54
101        android:supportsRtl="true"
101-->src/main/AndroidManifest.xml:68:9-35
102        android:theme="@style/Theme.WorkDiary" >
102-->src/main/AndroidManifest.xml:69:9-47
103
104        <!-- ── MainActivity ─────────────────────────────────────────────── -->
105        <!--
106            Single-Activity host for the entire Compose UI.
107            - configChanges: prevent Activity recreation on orientation/keyboard changes;
108              Compose handles layout recomposition natively.
109            - windowSoftInputMode: adjustResize works best with edge-to-edge Compose layouts
110              that use imePadding() modifiers.
111            - exported: true required for LAUNCHER intent filter.
112        -->
113        <activity
113-->src/main/AndroidManifest.xml:81:9-101:20
114            android:name="com.workdiary.app.MainActivity"
114-->src/main/AndroidManifest.xml:82:13-41
115            android:configChanges="orientation|screenSize|screenLayout|keyboardHidden|keyboard"
115-->src/main/AndroidManifest.xml:83:13-96
116            android:exported="true"
116-->src/main/AndroidManifest.xml:84:13-36
117            android:windowSoftInputMode="adjustResize" >
117-->src/main/AndroidManifest.xml:85:13-55
118            <intent-filter>
118-->src/main/AndroidManifest.xml:87:13-90:29
119                <action android:name="android.intent.action.MAIN" />
119-->src/main/AndroidManifest.xml:88:17-69
119-->src/main/AndroidManifest.xml:88:25-66
120
121                <category android:name="android.intent.category.LAUNCHER" />
121-->src/main/AndroidManifest.xml:89:17-77
121-->src/main/AndroidManifest.xml:89:27-74
122            </intent-filter>
123
124            <!-- Deep-link support placeholder — expand per-route as screens are built. -->
125            <!--
126            <intent-filter android:autoVerify="true">
127                <action android:name="android.intent.action.VIEW" />
128                <category android:name="android.intent.category.DEFAULT" />
129                <category android:name="android.intent.category.BROWSABLE" />
130                <data android:scheme="workdiary" />
131            </intent-filter>
132            -->
133        </activity>
134
135        <!--
136             ── FileProvider ──────────────────────────────────────────────
137             Exposes files in the app's internal storage (filesDir) to external apps
138             (e.g., sharing generated leave-summary PDFs via ACTION_SEND).
139             Maps to the iOS PDFManager file sharing via UIActivityViewController.
140
141             The authority must match the authority string used in FileProvider.getUriForFile()
142             calls throughout the codebase. Convention: applicationId + ".fileprovider".
143
144             file_paths.xml defines which directories are accessible:
145               - files-path: maps to Context.filesDir (duty PDFs, photo cache)
146               - cache-path: maps to Context.cacheDir (temporary export PDFs)
147        -->
148        <provider
149            android:name="androidx.core.content.FileProvider"
149-->src/main/AndroidManifest.xml:116:13-62
150            android:authorities="com.workdiary.app.debug.fileprovider"
150-->src/main/AndroidManifest.xml:117:13-64
151            android:exported="false"
151-->src/main/AndroidManifest.xml:118:13-37
152            android:grantUriPermissions="true" >
152-->src/main/AndroidManifest.xml:119:13-47
153            <meta-data
153-->src/main/AndroidManifest.xml:120:13-122:54
154                android:name="android.support.FILE_PROVIDER_PATHS"
154-->src/main/AndroidManifest.xml:121:17-67
155                android:resource="@xml/file_paths" />
155-->src/main/AndroidManifest.xml:122:17-51
156        </provider>
157
158        <service
158-->[com.google.android.gms:play-services-mlkit-text-recognition-common:19.0.0] AndroidManifest.xml:9:9-15:19
159            android:name="com.google.mlkit.common.internal.MlKitComponentDiscoveryService"
159-->[com.google.android.gms:play-services-mlkit-text-recognition-common:19.0.0] AndroidManifest.xml:10:13-91
160            android:directBootAware="true"
160-->[com.google.mlkit:common:18.8.0] AndroidManifest.xml:17:13-43
161            android:exported="false" >
161-->[com.google.android.gms:play-services-mlkit-text-recognition-common:19.0.0] AndroidManifest.xml:11:13-37
162            <meta-data
162-->[com.google.android.gms:play-services-mlkit-text-recognition-common:19.0.0] AndroidManifest.xml:12:13-14:85
163                android:name="com.google.firebase.components:com.google.mlkit.vision.text.internal.TextRegistrar"
163-->[com.google.android.gms:play-services-mlkit-text-recognition-common:19.0.0] AndroidManifest.xml:13:17-114
164                android:value="com.google.firebase.components.ComponentRegistrar" />
164-->[com.google.android.gms:play-services-mlkit-text-recognition-common:19.0.0] AndroidManifest.xml:14:17-82
165            <meta-data
165-->[com.google.mlkit:vision-common:17.3.0] AndroidManifest.xml:12:13-14:85
166                android:name="com.google.firebase.components:com.google.mlkit.vision.common.internal.VisionCommonRegistrar"
166-->[com.google.mlkit:vision-common:17.3.0] AndroidManifest.xml:13:17-124
167                android:value="com.google.firebase.components.ComponentRegistrar" />
167-->[com.google.mlkit:vision-common:17.3.0] AndroidManifest.xml:14:17-82
168            <meta-data
168-->[com.google.mlkit:common:18.8.0] AndroidManifest.xml:20:13-22:85
169                android:name="com.google.firebase.components:com.google.mlkit.common.internal.CommonComponentRegistrar"
169-->[com.google.mlkit:common:18.8.0] AndroidManifest.xml:21:17-120
170                android:value="com.google.firebase.components.ComponentRegistrar" />
170-->[com.google.mlkit:common:18.8.0] AndroidManifest.xml:22:17-82
171        </service>
172
173        <provider
173-->[com.google.mlkit:common:18.8.0] AndroidManifest.xml:9:9-13:38
174            android:name="com.google.mlkit.common.internal.MlKitInitProvider"
174-->[com.google.mlkit:common:18.8.0] AndroidManifest.xml:10:13-78
175            android:authorities="com.workdiary.app.debug.mlkitinitprovider"
175-->[com.google.mlkit:common:18.8.0] AndroidManifest.xml:11:13-69
176            android:exported="false"
176-->[com.google.mlkit:common:18.8.0] AndroidManifest.xml:12:13-37
177            android:initOrder="99" />
177-->[com.google.mlkit:common:18.8.0] AndroidManifest.xml:13:13-35
178
179        <activity
179-->[com.google.android.gms:play-services-base:18.1.0] AndroidManifest.xml:20:9-22:45
180            android:name="com.google.android.gms.common.api.GoogleApiActivity"
180-->[com.google.android.gms:play-services-base:18.1.0] AndroidManifest.xml:20:19-85
181            android:exported="false"
181-->[com.google.android.gms:play-services-base:18.1.0] AndroidManifest.xml:22:19-43
182            android:theme="@android:style/Theme.Translucent.NoTitleBar" />
182-->[com.google.android.gms:play-services-base:18.1.0] AndroidManifest.xml:21:19-78
183
184        <meta-data
184-->[com.google.android.gms:play-services-basement:18.1.0] AndroidManifest.xml:21:9-23:69
185            android:name="com.google.android.gms.version"
185-->[com.google.android.gms:play-services-basement:18.1.0] AndroidManifest.xml:22:13-58
186            android:value="@integer/google_play_services_version" />
186-->[com.google.android.gms:play-services-basement:18.1.0] AndroidManifest.xml:23:13-66
187
188        <activity
188-->[androidx.compose.ui:ui-tooling-android:1.6.8] AndroidManifest.xml:23:9-25:39
189            android:name="androidx.compose.ui.tooling.PreviewActivity"
189-->[androidx.compose.ui:ui-tooling-android:1.6.8] AndroidManifest.xml:24:13-71
190            android:exported="true" />
190-->[androidx.compose.ui:ui-tooling-android:1.6.8] AndroidManifest.xml:25:13-36
191
192        <provider
192-->[androidx.work:work-runtime:2.9.1] AndroidManifest.xml:29:9-37:20
193            android:name="androidx.startup.InitializationProvider"
193-->[androidx.work:work-runtime:2.9.1] AndroidManifest.xml:30:13-67
194            android:authorities="com.workdiary.app.debug.androidx-startup"
194-->[androidx.work:work-runtime:2.9.1] AndroidManifest.xml:31:13-68
195            android:exported="false" >
195-->[androidx.work:work-runtime:2.9.1] AndroidManifest.xml:32:13-37
196            <meta-data
196-->[androidx.work:work-runtime:2.9.1] AndroidManifest.xml:34:13-36:52
197                android:name="androidx.work.WorkManagerInitializer"
197-->[androidx.work:work-runtime:2.9.1] AndroidManifest.xml:35:17-68
198                android:value="androidx.startup" />
198-->[androidx.work:work-runtime:2.9.1] AndroidManifest.xml:36:17-49
199            <meta-data
199-->[androidx.emoji2:emoji2:1.3.0] AndroidManifest.xml:29:13-31:52
200                android:name="androidx.emoji2.text.EmojiCompatInitializer"
200-->[androidx.emoji2:emoji2:1.3.0] AndroidManifest.xml:30:17-75
201                android:value="androidx.startup" />
201-->[androidx.emoji2:emoji2:1.3.0] AndroidManifest.xml:31:17-49
202            <meta-data
202-->[androidx.lifecycle:lifecycle-process:2.8.4] AndroidManifest.xml:29:13-31:52
203                android:name="androidx.lifecycle.ProcessLifecycleInitializer"
203-->[androidx.lifecycle:lifecycle-process:2.8.4] AndroidManifest.xml:30:17-78
204                android:value="androidx.startup" />
204-->[androidx.lifecycle:lifecycle-process:2.8.4] AndroidManifest.xml:31:17-49
205            <meta-data
205-->[androidx.profileinstaller:profileinstaller:1.3.1] AndroidManifest.xml:29:13-31:52
206                android:name="androidx.profileinstaller.ProfileInstallerInitializer"
206-->[androidx.profileinstaller:profileinstaller:1.3.1] AndroidManifest.xml:30:17-85
207                android:value="androidx.startup" />
207-->[androidx.profileinstaller:profileinstaller:1.3.1] AndroidManifest.xml:31:17-49
208        </provider>
209
210        <service
210-->[androidx.work:work-runtime:2.9.1] AndroidManifest.xml:39:9-45:35
211            android:name="androidx.work.impl.background.systemalarm.SystemAlarmService"
211-->[androidx.work:work-runtime:2.9.1] AndroidManifest.xml:40:13-88
212            android:directBootAware="false"
212-->[androidx.work:work-runtime:2.9.1] AndroidManifest.xml:41:13-44
213            android:enabled="@bool/enable_system_alarm_service_default"
213-->[androidx.work:work-runtime:2.9.1] AndroidManifest.xml:42:13-72
214            android:exported="false" />
214-->[androidx.work:work-runtime:2.9.1] AndroidManifest.xml:43:13-37
215        <service
215-->[androidx.work:work-runtime:2.9.1] AndroidManifest.xml:46:9-52:35
216            android:name="androidx.work.impl.background.systemjob.SystemJobService"
216-->[androidx.work:work-runtime:2.9.1] AndroidManifest.xml:47:13-84
217            android:directBootAware="false"
217-->[androidx.work:work-runtime:2.9.1] AndroidManifest.xml:48:13-44
218            android:enabled="@bool/enable_system_job_service_default"
218-->[androidx.work:work-runtime:2.9.1] AndroidManifest.xml:49:13-70
219            android:exported="true"
219-->[androidx.work:work-runtime:2.9.1] AndroidManifest.xml:50:13-36
220            android:permission="android.permission.BIND_JOB_SERVICE" />
220-->[androidx.work:work-runtime:2.9.1] AndroidManifest.xml:51:13-69
221        <service
221-->[androidx.work:work-runtime:2.9.1] AndroidManifest.xml:53:9-59:35
222            android:name="androidx.work.impl.foreground.SystemForegroundService"
222-->[androidx.work:work-runtime:2.9.1] AndroidManifest.xml:54:13-81
223            android:directBootAware="false"
223-->[androidx.work:work-runtime:2.9.1] AndroidManifest.xml:55:13-44
224            android:enabled="@bool/enable_system_foreground_service_default"
224-->[androidx.work:work-runtime:2.9.1] AndroidManifest.xml:56:13-77
225            android:exported="false" />
225-->[androidx.work:work-runtime:2.9.1] AndroidManifest.xml:57:13-37
226
227        <receiver
227-->[androidx.work:work-runtime:2.9.1] AndroidManifest.xml:61:9-66:35
228            android:name="androidx.work.impl.utils.ForceStopRunnable$BroadcastReceiver"
228-->[androidx.work:work-runtime:2.9.1] AndroidManifest.xml:62:13-88
229            android:directBootAware="false"
229-->[androidx.work:work-runtime:2.9.1] AndroidManifest.xml:63:13-44
230            android:enabled="true"
230-->[androidx.work:work-runtime:2.9.1] AndroidManifest.xml:64:13-35
231            android:exported="false" />
231-->[androidx.work:work-runtime:2.9.1] AndroidManifest.xml:65:13-37
232        <receiver
232-->[androidx.work:work-runtime:2.9.1] AndroidManifest.xml:67:9-77:20
233            android:name="androidx.work.impl.background.systemalarm.ConstraintProxy$BatteryChargingProxy"
233-->[androidx.work:work-runtime:2.9.1] AndroidManifest.xml:68:13-106
234            android:directBootAware="false"
234-->[androidx.work:work-runtime:2.9.1] AndroidManifest.xml:69:13-44
235            android:enabled="false"
235-->[androidx.work:work-runtime:2.9.1] AndroidManifest.xml:70:13-36
236            android:exported="false" >
236-->[androidx.work:work-runtime:2.9.1] AndroidManifest.xml:71:13-37
237            <intent-filter>
237-->[androidx.work:work-runtime:2.9.1] AndroidManifest.xml:73:13-76:29
238                <action android:name="android.intent.action.ACTION_POWER_CONNECTED" />
238-->[androidx.work:work-runtime:2.9.1] AndroidManifest.xml:74:17-87
238-->[androidx.work:work-runtime:2.9.1] AndroidManifest.xml:74:25-84
239                <action android:name="android.intent.action.ACTION_POWER_DISCONNECTED" />
239-->[androidx.work:work-runtime:2.9.1] AndroidManifest.xml:75:17-90
239-->[androidx.work:work-runtime:2.9.1] AndroidManifest.xml:75:25-87
240            </intent-filter>
241        </receiver>
242        <receiver
242-->[androidx.work:work-runtime:2.9.1] AndroidManifest.xml:78:9-88:20
243            android:name="androidx.work.impl.background.systemalarm.ConstraintProxy$BatteryNotLowProxy"
243-->[androidx.work:work-runtime:2.9.1] AndroidManifest.xml:79:13-104
244            android:directBootAware="false"
244-->[androidx.work:work-runtime:2.9.1] AndroidManifest.xml:80:13-44
245            android:enabled="false"
245-->[androidx.work:work-runtime:2.9.1] AndroidManifest.xml:81:13-36
246            android:exported="false" >
246-->[androidx.work:work-runtime:2.9.1] AndroidManifest.xml:82:13-37
247            <intent-filter>
247-->[androidx.work:work-runtime:2.9.1] AndroidManifest.xml:84:13-87:29
248                <action android:name="android.intent.action.BATTERY_OKAY" />
248-->[androidx.work:work-runtime:2.9.1] AndroidManifest.xml:85:17-77
248-->[androidx.work:work-runtime:2.9.1] AndroidManifest.xml:85:25-74
249                <action android:name="android.intent.action.BATTERY_LOW" />
249-->[androidx.work:work-runtime:2.9.1] AndroidManifest.xml:86:17-76
249-->[androidx.work:work-runtime:2.9.1] AndroidManifest.xml:86:25-73
250            </intent-filter>
251        </receiver>
252        <receiver
252-->[androidx.work:work-runtime:2.9.1] AndroidManifest.xml:89:9-99:20
253            android:name="androidx.work.impl.background.systemalarm.ConstraintProxy$StorageNotLowProxy"
253-->[androidx.work:work-runtime:2.9.1] AndroidManifest.xml:90:13-104
254            android:directBootAware="false"
254-->[androidx.work:work-runtime:2.9.1] AndroidManifest.xml:91:13-44
255            android:enabled="false"
255-->[androidx.work:work-runtime:2.9.1] AndroidManifest.xml:92:13-36
256            android:exported="false" >
256-->[androidx.work:work-runtime:2.9.1] AndroidManifest.xml:93:13-37
257            <intent-filter>
257-->[androidx.work:work-runtime:2.9.1] AndroidManifest.xml:95:13-98:29
258                <action android:name="android.intent.action.DEVICE_STORAGE_LOW" />
258-->[androidx.work:work-runtime:2.9.1] AndroidManifest.xml:96:17-83
258-->[androidx.work:work-runtime:2.9.1] AndroidManifest.xml:96:25-80
259                <action android:name="android.intent.action.DEVICE_STORAGE_OK" />
259-->[androidx.work:work-runtime:2.9.1] AndroidManifest.xml:97:17-82
259-->[androidx.work:work-runtime:2.9.1] AndroidManifest.xml:97:25-79
260            </intent-filter>
261        </receiver>
262        <receiver
262-->[androidx.work:work-runtime:2.9.1] AndroidManifest.xml:100:9-109:20
263            android:name="androidx.work.impl.background.systemalarm.ConstraintProxy$NetworkStateProxy"
263-->[androidx.work:work-runtime:2.9.1] AndroidManifest.xml:101:13-103
264            android:directBootAware="false"
264-->[androidx.work:work-runtime:2.9.1] AndroidManifest.xml:102:13-44
265            android:enabled="false"
265-->[androidx.work:work-runtime:2.9.1] AndroidManifest.xml:103:13-36
266            android:exported="false" >
266-->[androidx.work:work-runtime:2.9.1] AndroidManifest.xml:104:13-37
267            <intent-filter>
267-->[androidx.work:work-runtime:2.9.1] AndroidManifest.xml:106:13-108:29
268                <action android:name="android.net.conn.CONNECTIVITY_CHANGE" />
268-->[androidx.work:work-runtime:2.9.1] AndroidManifest.xml:107:17-79
268-->[androidx.work:work-runtime:2.9.1] AndroidManifest.xml:107:25-76
269            </intent-filter>
270        </receiver>
271        <receiver
271-->[androidx.work:work-runtime:2.9.1] AndroidManifest.xml:110:9-121:20
272            android:name="androidx.work.impl.background.systemalarm.RescheduleReceiver"
272-->[androidx.work:work-runtime:2.9.1] AndroidManifest.xml:111:13-88
273            android:directBootAware="false"
273-->[androidx.work:work-runtime:2.9.1] AndroidManifest.xml:112:13-44
274            android:enabled="false"
274-->[androidx.work:work-runtime:2.9.1] AndroidManifest.xml:113:13-36
275            android:exported="false" >
275-->[androidx.work:work-runtime:2.9.1] AndroidManifest.xml:114:13-37
276            <intent-filter>
276-->[androidx.work:work-runtime:2.9.1] AndroidManifest.xml:116:13-120:29
277                <action android:name="android.intent.action.BOOT_COMPLETED" />
277-->[androidx.work:work-runtime:2.9.1] AndroidManifest.xml:117:17-79
277-->[androidx.work:work-runtime:2.9.1] AndroidManifest.xml:117:25-76
278                <action android:name="android.intent.action.TIME_SET" />
278-->[androidx.work:work-runtime:2.9.1] AndroidManifest.xml:118:17-73
278-->[androidx.work:work-runtime:2.9.1] AndroidManifest.xml:118:25-70
279                <action android:name="android.intent.action.TIMEZONE_CHANGED" />
279-->[androidx.work:work-runtime:2.9.1] AndroidManifest.xml:119:17-81
279-->[androidx.work:work-runtime:2.9.1] AndroidManifest.xml:119:25-78
280            </intent-filter>
281        </receiver>
282        <receiver
282-->[androidx.work:work-runtime:2.9.1] AndroidManifest.xml:122:9-131:20
283            android:name="androidx.work.impl.background.systemalarm.ConstraintProxyUpdateReceiver"
283-->[androidx.work:work-runtime:2.9.1] AndroidManifest.xml:123:13-99
284            android:directBootAware="false"
284-->[androidx.work:work-runtime:2.9.1] AndroidManifest.xml:124:13-44
285            android:enabled="@bool/enable_system_alarm_service_default"
285-->[androidx.work:work-runtime:2.9.1] AndroidManifest.xml:125:13-72
286            android:exported="false" >
286-->[androidx.work:work-runtime:2.9.1] AndroidManifest.xml:126:13-37
287            <intent-filter>
287-->[androidx.work:work-runtime:2.9.1] AndroidManifest.xml:128:13-130:29
288                <action android:name="androidx.work.impl.background.systemalarm.UpdateProxies" />
288-->[androidx.work:work-runtime:2.9.1] AndroidManifest.xml:129:17-98
288-->[androidx.work:work-runtime:2.9.1] AndroidManifest.xml:129:25-95
289            </intent-filter>
290        </receiver>
291        <receiver
291-->[androidx.work:work-runtime:2.9.1] AndroidManifest.xml:132:9-142:20
292            android:name="androidx.work.impl.diagnostics.DiagnosticsReceiver"
292-->[androidx.work:work-runtime:2.9.1] AndroidManifest.xml:133:13-78
293            android:directBootAware="false"
293-->[androidx.work:work-runtime:2.9.1] AndroidManifest.xml:134:13-44
294            android:enabled="true"
294-->[androidx.work:work-runtime:2.9.1] AndroidManifest.xml:135:13-35
295            android:exported="true"
295-->[androidx.work:work-runtime:2.9.1] AndroidManifest.xml:136:13-36
296            android:permission="android.permission.DUMP" >
296-->[androidx.work:work-runtime:2.9.1] AndroidManifest.xml:137:13-57
297            <intent-filter>
297-->[androidx.work:work-runtime:2.9.1] AndroidManifest.xml:139:13-141:29
298                <action android:name="androidx.work.diagnostics.REQUEST_DIAGNOSTICS" />
298-->[androidx.work:work-runtime:2.9.1] AndroidManifest.xml:140:17-88
298-->[androidx.work:work-runtime:2.9.1] AndroidManifest.xml:140:25-85
299            </intent-filter>
300        </receiver>
301
302        <activity
302-->[androidx.compose.ui:ui-test-manifest:1.6.8] AndroidManifest.xml:23:9-25:39
303            android:name="androidx.activity.ComponentActivity"
303-->[androidx.compose.ui:ui-test-manifest:1.6.8] AndroidManifest.xml:24:13-63
304            android:exported="true" />
304-->[androidx.compose.ui:ui-test-manifest:1.6.8] AndroidManifest.xml:25:13-36
305
306        <service
306-->[androidx.room:room-runtime:2.6.1] AndroidManifest.xml:24:9-28:63
307            android:name="androidx.room.MultiInstanceInvalidationService"
307-->[androidx.room:room-runtime:2.6.1] AndroidManifest.xml:25:13-74
308            android:directBootAware="true"
308-->[androidx.room:room-runtime:2.6.1] AndroidManifest.xml:26:13-43
309            android:exported="false" />
309-->[androidx.room:room-runtime:2.6.1] AndroidManifest.xml:27:13-37
310        <service
310-->[com.google.android.datatransport:transport-backend-cct:2.3.3] AndroidManifest.xml:29:9-35:19
311            android:name="com.google.android.datatransport.runtime.backends.TransportBackendDiscovery"
311-->[com.google.android.datatransport:transport-backend-cct:2.3.3] AndroidManifest.xml:30:13-103
312            android:exported="false" >
312-->[com.google.android.datatransport:transport-backend-cct:2.3.3] AndroidManifest.xml:31:13-37
313            <meta-data
313-->[com.google.android.datatransport:transport-backend-cct:2.3.3] AndroidManifest.xml:32:13-34:39
314                android:name="backend:com.google.android.datatransport.cct.CctBackendFactory"
314-->[com.google.android.datatransport:transport-backend-cct:2.3.3] AndroidManifest.xml:33:17-94
315                android:value="cct" />
315-->[com.google.android.datatransport:transport-backend-cct:2.3.3] AndroidManifest.xml:34:17-36
316        </service>
317        <service
317-->[com.google.android.datatransport:transport-runtime:2.2.6] AndroidManifest.xml:26:9-30:19
318            android:name="com.google.android.datatransport.runtime.scheduling.jobscheduling.JobInfoSchedulerService"
318-->[com.google.android.datatransport:transport-runtime:2.2.6] AndroidManifest.xml:27:13-117
319            android:exported="false"
319-->[com.google.android.datatransport:transport-runtime:2.2.6] AndroidManifest.xml:28:13-37
320            android:permission="android.permission.BIND_JOB_SERVICE" >
320-->[com.google.android.datatransport:transport-runtime:2.2.6] AndroidManifest.xml:29:13-69
321        </service>
322